src/components/condominium/DocumentsTab.tsx(4,1): error TS6192: All imports in import declaration are unused.
src/components/condominium/DocumentsTab.tsx(50,28): error TS6133: 'setCategoryFilter' is declared but its value is never read.
src/components/condominium/OverviewTab.tsx(105,50): error TS6133: 'index' is declared but its value is never read.
src/components/condominium/UploadDocumentDialog.tsx(27,1): error TS6133: 'cn' is declared but its value is never read.
src/components/suppliers/SupplierDetailDrawer.tsx(6,5): error TS6133: 'SheetDescription' is declared but its value is never read.
src/components/suppliers/SupplierDetailDrawer.tsx(17,5): error TS6133: 'Briefcase' is declared but its value is never read.
src/components/suppliers/SupplierDetailDrawer.tsx(21,5): error TS6133: 'CheckCircle2' is declared but its value is never read.
src/components/suppliers/SupplierDetailDrawer.tsx(22,5): error TS6133: 'XCircle' is declared but its value is never read.
src/components/suppliers/SupplierDetailDrawer.tsx(24,5): error TS6133: 'ExternalLink' is declared but its value is never read.
src/components/suppliers/SupplierFilterBar.tsx(16,5): error TS6133: 'CheckCircle2' is declared but its value is never read.
src/components/suppliers/SupplierFormModal.tsx(25,1): error TS6192: All imports in import declaration are unused.
src/components/suppliers/SupplierFormModal.tsx(34,19): error TS6133: 'Info' is declared but its value is never read.
src/pages/FinancesPage.tsx(7,5): error TS6133: 'Download' is declared but its value is never read.
src/pages/FinancesPage.tsx(105,41): error TS2339: Property 'env' does not exist on type 'ImportMeta'.
src/pages/FinancesPage.tsx(142,34): error TS2322: Type 'unknown' is not assignable to type '{ totalRevenue: number; totalExpenses: number; balance: number; count: number; } | undefined'.
src/pages/FinancesPage.tsx(181,55): error TS7006: Parameter 'f' implicitly has an 'any' type.
src/pages/FinancesPage.tsx(189,55): error TS7006: Parameter 'f' implicitly has an 'any' type.
src/pages/SuppliersPage.tsx(75,19): error TS6133: 'error' is declared but its value is never read.
src/pages/SuppliersPage.tsx(113,37): error TS2339: Property 'env' does not exist on type 'ImportMeta'.
src/pages/SuppliersPage.tsx(214,55): error TS7006: Parameter 'f' implicitly has an 'any' type.
src/pages/SuppliersPage.tsx(224,63): error TS7006: Parameter 'f' implicitly has an 'any' type.
src/pages/SuppliersPage.tsx(234,55): error TS7006: Parameter 'f' implicitly has an 'any' type.
